This file contains any messages produced by compilers while
running configure, to aid debugging if configure makes a mistake.

It was created by GNU C Runtime Library configure 1.0, which was
generated by GNU Autoconf 2.64.  Invocation command line was

  $ /mnt/d/Projects/nx/toolchain-setup/gcc-8.2.0/libgcc/configure --srcdir=../../../gcc-8.2.0/libgcc --cache-file=./config.cache --enable-multilib --with-cross-host=x86_64-pc-linux-gnu --prefix=/mnt/d/Projects/nx/build/efi/toolchain --disable-nls --disable-werror --disable-libssp --without-headers --disable-win32-registry --enable-languages=c,c++,lto --program-transform-name=s&^&x86_64-w64-mingw32-& --disable-option-checking --with-target-subdir=x86_64-w64-mingw32 --build=x86_64-pc-linux-gnu --host=x86_64-w64-mingw32 --target=x86_64-w64-mingw32

## --------- ##
## Platform. ##
## --------- ##

hostname = win-x
uname -m = x86_64
uname -r = 4.4.0-17134-Microsoft
uname -s = Linux
uname -v = #471-Microsoft Fri Dec 07 20:04:00 PST 2018

/usr/bin/uname -p = unknown
/bin/uname -X     = unknown

/bin/arch              = unknown
/usr/bin/arch -k       = unknown
/usr/convex/getsysinfo = unknown
/usr/bin/hostinfo      = unknown
/bin/machine           = unknown
/usr/bin/oslevel       = unknown
/bin/universe          = unknown

PATH: /mnt/d/Projects/nx/build/efi/toolchain/bin
PATH: /mnt/d/Projects/nx/build/efi/toolchain/bin
PATH: /usr/local/sbin
PATH: /usr/local/bin
PATH: /usr/sbin
PATH: /usr/bin
PATH: /sbin
PATH: /bin
PATH: /usr/games
PATH: /usr/local/games
PATH: /usr/bin/site_perl
PATH: /usr/bin/vendor_perl
PATH: /usr/bin/core_perl


## ----------- ##
## Core tests. ##
## ----------- ##

configure:2028: loading cache ./config.cache
configure:2242: checking build system type
configure:2256: result: x86_64-pc-linux-gnu
configure:2276: checking host system type
configure:2289: result: x86_64-w64-mingw32
configure:2392: checking for --enable-version-specific-runtime-libs
configure:2405: result: no
configure:2453: checking for a BSD-compatible install
configure:2521: result: /usr/bin/install -c
configure:2537: checking for gawk
configure:2564: result: gawk
configure:2664: checking for x86_64-w64-mingw32-ar
configure:2691: result: /mnt/d/Projects/nx/build/efi/toolchain/x86_64-w64-mingw32/bin/ar
configure:2756: checking for x86_64-w64-mingw32-lipo
configure:2783: result: x86_64-w64-mingw32-lipo
configure:2848: checking for x86_64-w64-mingw32-nm
configure:2875: result: /mnt/d/Projects/nx/toolchain-setup/build-efi-gcc/./gcc/nm
configure:2940: checking for x86_64-w64-mingw32-ranlib
configure:2967: result: /mnt/d/Projects/nx/build/efi/toolchain/x86_64-w64-mingw32/bin/ranlib
configure:3032: checking for x86_64-w64-mingw32-strip
configure:3059: result: /mnt/d/Projects/nx/build/efi/toolchain/x86_64-w64-mingw32/bin/strip
configure:3121: checking whether ln -s works
configure:3125: result: yes
configure:3142: checking for x86_64-w64-mingw32-gcc
configure:3169: result:  /mnt/d/Projects/nx/toolchain-setup/build-efi-gcc/./gcc/xgcc -B/mnt/d/Projects/nx/toolchain-setup/build-efi-gcc/./gcc/ -L/mnt/d/Projects/nx/build/efi/toolchain/x86_64-w64-mingw32/lib -L/mnt/d/Projects/nx/build/efi/toolchain/mingw/lib -isystem /mnt/d/Projects/nx/build/efi/toolchain/x86_64-w64-mingw32/include -isystem /mnt/d/Projects/nx/build/efi/toolchain/mingw/include -B/mnt/d/Projects/nx/build/efi/toolchain/x86_64-w64-mingw32/bin/ -B/mnt/d/Projects/nx/build/efi/toolchain/x86_64-w64-mingw32/lib/ -isystem /mnt/d/Projects/nx/build/efi/toolchain/x86_64-w64-mingw32/include -isystem /mnt/d/Projects/nx/build/efi/toolchain/x86_64-w64-mingw32/sys-include   
configure:3438: checking for C compiler version
configure:3447:  /mnt/d/Projects/nx/toolchain-setup/build-efi-gcc/./gcc/xgcc -B/mnt/d/Projects/nx/toolchain-setup/build-efi-gcc/./gcc/ -L/mnt/d/Projects/nx/build/efi/toolchain/x86_64-w64-mingw32/lib -L/mnt/d/Projects/nx/build/efi/toolchain/mingw/lib -isystem /mnt/d/Projects/nx/build/efi/toolchain/x86_64-w64-mingw32/include -isystem /mnt/d/Projects/nx/build/efi/toolchain/mingw/include -B/mnt/d/Projects/nx/build/efi/toolchain/x86_64-w64-mingw32/bin/ -B/mnt/d/Projects/nx/build/efi/toolchain/x86_64-w64-mingw32/lib/ -isystem /mnt/d/Projects/nx/build/efi/toolchain/x86_64-w64-mingw32/include -isystem /mnt/d/Projects/nx/build/efi/toolchain/x86_64-w64-mingw32/sys-include    --version >&5
xgcc (GCC) 8.2.0
Copyright (C) 2018 Free Software Foundation, Inc.
This is free software; see the source for copying conditions.  There is NO
warranty; not even for MERCHANTABILITY or FITNESS FOR A PARTICULAR PURPOSE.

configure:3458: $? = 0
configure:3447:  /mnt/d/Projects/nx/toolchain-setup/build-efi-gcc/./gcc/xgcc -B/mnt/d/Projects/nx/toolchain-setup/build-efi-gcc/./gcc/ -L/mnt/d/Projects/nx/build/efi/toolchain/x86_64-w64-mingw32/lib -L/mnt/d/Projects/nx/build/efi/toolchain/mingw/lib -isystem /mnt/d/Projects/nx/build/efi/toolchain/x86_64-w64-mingw32/include -isystem /mnt/d/Projects/nx/build/efi/toolchain/mingw/include -B/mnt/d/Projects/nx/build/efi/toolchain/x86_64-w64-mingw32/bin/ -B/mnt/d/Projects/nx/build/efi/toolchain/x86_64-w64-mingw32/lib/ -isystem /mnt/d/Projects/nx/build/efi/toolchain/x86_64-w64-mingw32/include -isystem /mnt/d/Projects/nx/build/efi/toolchain/x86_64-w64-mingw32/sys-include    -v >&5
Reading specs from /mnt/d/Projects/nx/toolchain-setup/build-efi-gcc/./gcc/specs
COLLECT_GCC=/mnt/d/Projects/nx/toolchain-setup/build-efi-gcc/./gcc/xgcc
COLLECT_LTO_WRAPPER=/mnt/d/Projects/nx/toolchain-setup/build-efi-gcc/./gcc/lto-wrapper
Target: x86_64-w64-mingw32
Configured with: ../gcc-8.2.0/configure --target=x86_64-w64-mingw32 --prefix=/mnt/d/Projects/nx/build/efi/toolchain --disable-nls --enable-languages=c,c++ --disable-werror --disable-libssp --without-headers --with-sysroot=/mnt/d/Projects/nx/build/efi/sysroot : (reconfigured) ../gcc-8.2.0/configure --target=x86_64-w64-mingw32 --prefix=/mnt/d/Projects/nx/build/efi/toolchain --disable-nls --enable-languages=c,c++ --disable-werror --disable-libssp --without-headers --disable-win32-registry
Thread model: win32
gcc version 8.2.0 (GCC) 
configure:3458: $? = 0
configure:3447:  /mnt/d/Projects/nx/toolchain-setup/build-efi-gcc/./gcc/xgcc -B/mnt/d/Projects/nx/toolchain-setup/build-efi-gcc/./gcc/ -L/mnt/d/Projects/nx/build/efi/toolchain/x86_64-w64-mingw32/lib -L/mnt/d/Projects/nx/build/efi/toolchain/mingw/lib -isystem /mnt/d/Projects/nx/build/efi/toolchain/x86_64-w64-mingw32/include -isystem /mnt/d/Projects/nx/build/efi/toolchain/mingw/include -B/mnt/d/Projects/nx/build/efi/toolchain/x86_64-w64-mingw32/bin/ -B/mnt/d/Projects/nx/build/efi/toolchain/x86_64-w64-mingw32/lib/ -isystem /mnt/d/Projects/nx/build/efi/toolchain/x86_64-w64-mingw32/include -isystem /mnt/d/Projects/nx/build/efi/toolchain/x86_64-w64-mingw32/sys-include    -V >&5
xgcc: error: unrecognized command line option '-V'
xgcc: fatal error: no input files
compilation terminated.
configure:3458: $? = 1
configure:3447:  /mnt/d/Projects/nx/toolchain-setup/build-efi-gcc/./gcc/xgcc -B/mnt/d/Projects/nx/toolchain-setup/build-efi-gcc/./gcc/ -L/mnt/d/Projects/nx/build/efi/toolchain/x86_64-w64-mingw32/lib -L/mnt/d/Projects/nx/build/efi/toolchain/mingw/lib -isystem /mnt/d/Projects/nx/build/efi/toolchain/x86_64-w64-mingw32/include -isystem /mnt/d/Projects/nx/build/efi/toolchain/mingw/include -B/mnt/d/Projects/nx/build/efi/toolchain/x86_64-w64-mingw32/bin/ -B/mnt/d/Projects/nx/build/efi/toolchain/x86_64-w64-mingw32/lib/ -isystem /mnt/d/Projects/nx/build/efi/toolchain/x86_64-w64-mingw32/include -isystem /mnt/d/Projects/nx/build/efi/toolchain/x86_64-w64-mingw32/sys-include    -qversion >&5
xgcc: error: unrecognized command line option '-qversion'; did you mean '--version'?
xgcc: fatal error: no input files
compilation terminated.
configure:3458: $? = 1
configure:3474:  /mnt/d/Projects/nx/toolchain-setup/build-efi-gcc/./gcc/xgcc -B/mnt/d/Projects/nx/toolchain-setup/build-efi-gcc/./gcc/ -L/mnt/d/Projects/nx/build/efi/toolchain/x86_64-w64-mingw32/lib -L/mnt/d/Projects/nx/build/efi/toolchain/mingw/lib -isystem /mnt/d/Projects/nx/build/efi/toolchain/x86_64-w64-mingw32/include -isystem /mnt/d/Projects/nx/build/efi/toolchain/mingw/include -B/mnt/d/Projects/nx/build/efi/toolchain/x86_64-w64-mingw32/bin/ -B/mnt/d/Projects/nx/build/efi/toolchain/x86_64-w64-mingw32/lib/ -isystem /mnt/d/Projects/nx/build/efi/toolchain/x86_64-w64-mingw32/include -isystem /mnt/d/Projects/nx/build/efi/toolchain/x86_64-w64-mingw32/sys-include    -o conftest -g -O2   conftest.c  >&5
/mnt/d/Projects/nx/build/efi/toolchain/x86_64-w64-mingw32/bin/ld: cannot find crt2.o: No such file or directory
/mnt/d/Projects/nx/build/efi/toolchain/x86_64-w64-mingw32/bin/ld: cannot find crtbegin.o: No such file or directory
/mnt/d/Projects/nx/build/efi/toolchain/x86_64-w64-mingw32/bin/ld: cannot find -lmingw32
/mnt/d/Projects/nx/build/efi/toolchain/x86_64-w64-mingw32/bin/ld: cannot find -lgcc
/mnt/d/Projects/nx/build/efi/toolchain/x86_64-w64-mingw32/bin/ld: cannot find -lgcc_eh
/mnt/d/Projects/nx/build/efi/toolchain/x86_64-w64-mingw32/bin/ld: cannot find -lmoldname
/mnt/d/Projects/nx/build/efi/toolchain/x86_64-w64-mingw32/bin/ld: cannot find -lmingwex
/mnt/d/Projects/nx/build/efi/toolchain/x86_64-w64-mingw32/bin/ld: cannot find -lmsvcrt
/mnt/d/Projects/nx/build/efi/toolchain/x86_64-w64-mingw32/bin/ld: cannot find -ladvapi32
/mnt/d/Projects/nx/build/efi/toolchain/x86_64-w64-mingw32/bin/ld: cannot find -lshell32
/mnt/d/Projects/nx/build/efi/toolchain/x86_64-w64-mingw32/bin/ld: cannot find -luser32
/mnt/d/Projects/nx/build/efi/toolchain/x86_64-w64-mingw32/bin/ld: cannot find -lkernel32
/mnt/d/Projects/nx/build/efi/toolchain/x86_64-w64-mingw32/bin/ld: cannot find -lmingw32
/mnt/d/Projects/nx/build/efi/toolchain/x86_64-w64-mingw32/bin/ld: cannot find -lgcc
/mnt/d/Projects/nx/build/efi/toolchain/x86_64-w64-mingw32/bin/ld: cannot find -lgcc_eh
/mnt/d/Projects/nx/build/efi/toolchain/x86_64-w64-mingw32/bin/ld: cannot find -lmoldname
/mnt/d/Projects/nx/build/efi/toolchain/x86_64-w64-mingw32/bin/ld: cannot find -lmingwex
/mnt/d/Projects/nx/build/efi/toolchain/x86_64-w64-mingw32/bin/ld: cannot find -lmsvcrt
/mnt/d/Projects/nx/build/efi/toolchain/x86_64-w64-mingw32/bin/ld: cannot find crtend.o: No such file or directory
collect2: error: ld returned 1 exit status
configure:3477: $? = 1
configure:3665: checking for suffix of object files
configure:3712: result: o
configure:3716: checking whether we are using the GNU C compiler
configure:3744: result: yes
configure:3753: checking whether  /mnt/d/Projects/nx/toolchain-setup/build-efi-gcc/./gcc/xgcc -B/mnt/d/Projects/nx/toolchain-setup/build-efi-gcc/./gcc/ -L/mnt/d/Projects/nx/build/efi/toolchain/x86_64-w64-mingw32/lib -L/mnt/d/Projects/nx/build/efi/toolchain/mingw/lib -isystem /mnt/d/Projects/nx/build/efi/toolchain/x86_64-w64-mingw32/include -isystem /mnt/d/Projects/nx/build/efi/toolchain/mingw/include -B/mnt/d/Projects/nx/build/efi/toolchain/x86_64-w64-mingw32/bin/ -B/mnt/d/Projects/nx/build/efi/toolchain/x86_64-w64-mingw32/lib/ -isystem /mnt/d/Projects/nx/build/efi/toolchain/x86_64-w64-mingw32/include -isystem /mnt/d/Projects/nx/build/efi/toolchain/x86_64-w64-mingw32/sys-include    accepts -g
configure:3814: result: yes
configure:3831: checking for  /mnt/d/Projects/nx/toolchain-setup/build-efi-gcc/./gcc/xgcc -B/mnt/d/Projects/nx/toolchain-setup/build-efi-gcc/./gcc/ -L/mnt/d/Projects/nx/build/efi/toolchain/x86_64-w64-mingw32/lib -L/mnt/d/Projects/nx/build/efi/toolchain/mingw/lib -isystem /mnt/d/Projects/nx/build/efi/toolchain/x86_64-w64-mingw32/include -isystem /mnt/d/Projects/nx/build/efi/toolchain/mingw/include -B/mnt/d/Projects/nx/build/efi/toolchain/x86_64-w64-mingw32/bin/ -B/mnt/d/Projects/nx/build/efi/toolchain/x86_64-w64-mingw32/lib/ -isystem /mnt/d/Projects/nx/build/efi/toolchain/x86_64-w64-mingw32/include -isystem /mnt/d/Projects/nx/build/efi/toolchain/x86_64-w64-mingw32/sys-include    option to accept ISO C89
configure:3911: result: unsupported
configure:3933: checking how to run the C preprocessor
configure:4003: result:  /mnt/d/Projects/nx/toolchain-setup/build-efi-gcc/./gcc/xgcc -B/mnt/d/Projects/nx/toolchain-setup/build-efi-gcc/./gcc/ -L/mnt/d/Projects/nx/build/efi/toolchain/x86_64-w64-mingw32/lib -L/mnt/d/Projects/nx/build/efi/toolchain/mingw/lib -isystem /mnt/d/Projects/nx/build/efi/toolchain/x86_64-w64-mingw32/include -isystem /mnt/d/Projects/nx/build/efi/toolchain/mingw/include -B/mnt/d/Projects/nx/build/efi/toolchain/x86_64-w64-mingw32/bin/ -B/mnt/d/Projects/nx/build/efi/toolchain/x86_64-w64-mingw32/lib/ -isystem /mnt/d/Projects/nx/build/efi/toolchain/x86_64-w64-mingw32/include -isystem /mnt/d/Projects/nx/build/efi/toolchain/x86_64-w64-mingw32/sys-include    -E
configure:4023:  /mnt/d/Projects/nx/toolchain-setup/build-efi-gcc/./gcc/xgcc -B/mnt/d/Projects/nx/toolchain-setup/build-efi-gcc/./gcc/ -L/mnt/d/Projects/nx/build/efi/toolchain/x86_64-w64-mingw32/lib -L/mnt/d/Projects/nx/build/efi/toolchain/mingw/lib -isystem /mnt/d/Projects/nx/build/efi/toolchain/x86_64-w64-mingw32/include -isystem /mnt/d/Projects/nx/build/efi/toolchain/mingw/include -B/mnt/d/Projects/nx/build/efi/toolchain/x86_64-w64-mingw32/bin/ -B/mnt/d/Projects/nx/build/efi/toolchain/x86_64-w64-mingw32/lib/ -isystem /mnt/d/Projects/nx/build/efi/toolchain/x86_64-w64-mingw32/include -isystem /mnt/d/Projects/nx/build/efi/toolchain/x86_64-w64-mingw32/sys-include    -E  conftest.c
In file included from /mnt/d/Projects/nx/toolchain-setup/build-efi-gcc/gcc/include-fixed/syslimits.h:7,
                 from /mnt/d/Projects/nx/toolchain-setup/build-efi-gcc/gcc/include-fixed/limits.h:34,
                 from conftest.c:10:
/mnt/d/Projects/nx/toolchain-setup/build-efi-gcc/gcc/include-fixed/limits.h:194:61: error: no include path in which to search for limits.h
 #include_next <limits.h>  /* recurse down to the real one */
                                                             ^
configure:4023: $? = 1
configure: failed program was:
| /* confdefs.h */
| #define PACKAGE_NAME "GNU C Runtime Library"
| #define PACKAGE_TARNAME "libgcc"
| #define PACKAGE_VERSION "1.0"
| #define PACKAGE_STRING "GNU C Runtime Library 1.0"
| #define PACKAGE_BUGREPORT ""
| #define PACKAGE_URL "http://www.gnu.org/software/libgcc/"
| /* end confdefs.h.  */
| #ifdef __STDC__
| # include <limits.h>
| #else
| # include <assert.h>
| #endif
| 		     Syntax error
configure:4023:  /mnt/d/Projects/nx/toolchain-setup/build-efi-gcc/./gcc/xgcc -B/mnt/d/Projects/nx/toolchain-setup/build-efi-gcc/./gcc/ -L/mnt/d/Projects/nx/build/efi/toolchain/x86_64-w64-mingw32/lib -L/mnt/d/Projects/nx/build/efi/toolchain/mingw/lib -isystem /mnt/d/Projects/nx/build/efi/toolchain/x86_64-w64-mingw32/include -isystem /mnt/d/Projects/nx/build/efi/toolchain/mingw/include -B/mnt/d/Projects/nx/build/efi/toolchain/x86_64-w64-mingw32/bin/ -B/mnt/d/Projects/nx/build/efi/toolchain/x86_64-w64-mingw32/lib/ -isystem /mnt/d/Projects/nx/build/efi/toolchain/x86_64-w64-mingw32/include -isystem /mnt/d/Projects/nx/build/efi/toolchain/x86_64-w64-mingw32/sys-include    -E  conftest.c
In file included from /mnt/d/Projects/nx/toolchain-setup/build-efi-gcc/gcc/include-fixed/syslimits.h:7,
                 from /mnt/d/Projects/nx/toolchain-setup/build-efi-gcc/gcc/include-fixed/limits.h:34,
                 from conftest.c:10:
/mnt/d/Projects/nx/toolchain-setup/build-efi-gcc/gcc/include-fixed/limits.h:194:61: error: no include path in which to search for limits.h
 #include_next <limits.h>  /* recurse down to the real one */
                                                             ^
configure:4023: $? = 1
configure: failed program was:
| /* confdefs.h */
| #define PACKAGE_NAME "GNU C Runtime Library"
| #define PACKAGE_TARNAME "libgcc"
| #define PACKAGE_VERSION "1.0"
| #define PACKAGE_STRING "GNU C Runtime Library 1.0"
| #define PACKAGE_BUGREPORT ""
| #define PACKAGE_URL "http://www.gnu.org/software/libgcc/"
| /* end confdefs.h.  */
| #ifdef __STDC__
| # include <limits.h>
| #else
| # include <assert.h>
| #endif
| 		     Syntax error
configure:4053: error: in `/mnt/d/Projects/nx/toolchain-setup/build-efi-gcc/x86_64-w64-mingw32/libgcc':
configure:4056: error: C preprocessor " /mnt/d/Projects/nx/toolchain-setup/build-efi-gcc/./gcc/xgcc -B/mnt/d/Projects/nx/toolchain-setup/build-efi-gcc/./gcc/ -L/mnt/d/Projects/nx/build/efi/toolchain/x86_64-w64-mingw32/lib -L/mnt/d/Projects/nx/build/efi/toolchain/mingw/lib -isystem /mnt/d/Projects/nx/build/efi/toolchain/x86_64-w64-mingw32/include -isystem /mnt/d/Projects/nx/build/efi/toolchain/mingw/include -B/mnt/d/Projects/nx/build/efi/toolchain/x86_64-w64-mingw32/bin/ -B/mnt/d/Projects/nx/build/efi/toolchain/x86_64-w64-mingw32/lib/ -isystem /mnt/d/Projects/nx/build/efi/toolchain/x86_64-w64-mingw32/include -isystem /mnt/d/Projects/nx/build/efi/toolchain/x86_64-w64-mingw32/sys-include    -E" fails sanity check
See `config.log' for more details.

## ---------------- ##
## Cache variables. ##
## ---------------- ##

ac_cv_build=x86_64-pc-linux-gnu
ac_cv_c_compiler_gnu=yes
ac_cv_env_CC_set=set
ac_cv_env_CC_value=' /mnt/d/Projects/nx/toolchain-setup/build-efi-gcc/./gcc/xgcc -B/mnt/d/Projects/nx/toolchain-setup/build-efi-gcc/./gcc/ -L/mnt/d/Projects/nx/build/efi/toolchain/x86_64-w64-mingw32/lib -L/mnt/d/Projects/nx/build/efi/toolchain/mingw/lib -isystem /mnt/d/Projects/nx/build/efi/toolchain/x86_64-w64-mingw32/include -isystem /mnt/d/Projects/nx/build/efi/toolchain/mingw/include -B/mnt/d/Projects/nx/build/efi/toolchain/x86_64-w64-mingw32/bin/ -B/mnt/d/Projects/nx/build/efi/toolchain/x86_64-w64-mingw32/lib/ -isystem /mnt/d/Projects/nx/build/efi/toolchain/x86_64-w64-mingw32/include -isystem /mnt/d/Projects/nx/build/efi/toolchain/x86_64-w64-mingw32/sys-include   '
ac_cv_env_CFLAGS_set=set
ac_cv_env_CFLAGS_value='-g -O2'
ac_cv_env_CPPFLAGS_set=set
ac_cv_env_CPPFLAGS_value=
ac_cv_env_CPP_set=
ac_cv_env_CPP_value=
ac_cv_env_LDFLAGS_set=set
ac_cv_env_LDFLAGS_value=
ac_cv_env_LIBS_set=
ac_cv_env_LIBS_value=
ac_cv_env_build_alias_set=set
ac_cv_env_build_alias_value=x86_64-pc-linux-gnu
ac_cv_env_host_alias_set=set
ac_cv_env_host_alias_value=x86_64-w64-mingw32
ac_cv_env_target_alias_set=set
ac_cv_env_target_alias_value=x86_64-w64-mingw32
ac_cv_header_ftw_h=no
ac_cv_header_inttypes_h=yes
ac_cv_header_memory_h=yes
ac_cv_header_stdc=no
ac_cv_header_stdint_h=yes
ac_cv_header_stdlib_h=no
ac_cv_header_string_h=no
ac_cv_header_strings_h=no
ac_cv_header_sys_stat_h=no
ac_cv_header_sys_types_h=no
ac_cv_header_unistd_h=no
ac_cv_host=x86_64-w64-mingw32
ac_cv_objext=o
ac_cv_path_EGREP='/usr/sbin/grep -E'
ac_cv_path_GREP=/usr/sbin/grep
ac_cv_path_install='/usr/bin/install -c'
ac_cv_prog_AR=/mnt/d/Projects/nx/build/efi/toolchain/x86_64-w64-mingw32/bin/ar
ac_cv_prog_AWK=gawk
ac_cv_prog_CC=' /mnt/d/Projects/nx/toolchain-setup/build-efi-gcc/./gcc/xgcc -B/mnt/d/Projects/nx/toolchain-setup/build-efi-gcc/./gcc/ -L/mnt/d/Projects/nx/build/efi/toolchain/x86_64-w64-mingw32/lib -L/mnt/d/Projects/nx/build/efi/toolchain/mingw/lib -isystem /mnt/d/Projects/nx/build/efi/toolchain/x86_64-w64-mingw32/include -isystem /mnt/d/Projects/nx/build/efi/toolchain/mingw/include -B/mnt/d/Projects/nx/build/efi/toolchain/x86_64-w64-mingw32/bin/ -B/mnt/d/Projects/nx/build/efi/toolchain/x86_64-w64-mingw32/lib/ -isystem /mnt/d/Projects/nx/build/efi/toolchain/x86_64-w64-mingw32/include -isystem /mnt/d/Projects/nx/build/efi/toolchain/x86_64-w64-mingw32/sys-include   '
ac_cv_prog_CPP=' /mnt/d/Projects/nx/toolchain-setup/build-efi-gcc/./gcc/xgcc -B/mnt/d/Projects/nx/toolchain-setup/build-efi-gcc/./gcc/ -L/mnt/d/Projects/nx/build/efi/toolchain/x86_64-w64-mingw32/lib -L/mnt/d/Projects/nx/build/efi/toolchain/mingw/lib -isystem /mnt/d/Projects/nx/build/efi/toolchain/x86_64-w64-mingw32/include -isystem /mnt/d/Projects/nx/build/efi/toolchain/mingw/include -B/mnt/d/Projects/nx/build/efi/toolchain/x86_64-w64-mingw32/bin/ -B/mnt/d/Projects/nx/build/efi/toolchain/x86_64-w64-mingw32/lib/ -isystem /mnt/d/Projects/nx/build/efi/toolchain/x86_64-w64-mingw32/include -isystem /mnt/d/Projects/nx/build/efi/toolchain/x86_64-w64-mingw32/sys-include    -E'
ac_cv_prog_LIPO=x86_64-w64-mingw32-lipo
ac_cv_prog_NM=/mnt/d/Projects/nx/toolchain-setup/build-efi-gcc/./gcc/nm
ac_cv_prog_RANLIB=/mnt/d/Projects/nx/build/efi/toolchain/x86_64-w64-mingw32/bin/ranlib
ac_cv_prog_STRIP=/mnt/d/Projects/nx/build/efi/toolchain/x86_64-w64-mingw32/bin/strip
ac_cv_prog_cc_c89=no
ac_cv_prog_cc_g=yes
ac_cv_sizeof_double=8
ac_cv_sizeof_long_double=16
ac_cv_sjlj_exceptions=no
ac_cv_sys_file_offset_bits=unknown
ac_cv_sys_large_files=unknown
ac_cv_sys_largefile_CC=no
acl_cv_prog_gnu_ld=yes
gcc_cv_have_cc_tls=yes
gcc_cv_use_emutls=yes
libgcc_cv_as_avx=yes
libgcc_cv_cfi=yes
libgcc_cv_cfi_sections_directive=yes
libgcc_cv_dfp=no
libgcc_cv_fixed_point=no
libgcc_cv_hidden_visibility_attribute=no
libgcc_cv_init_priority=yes

## ----------------- ##
## Output variables. ##
## ----------------- ##

AR='/mnt/d/Projects/nx/build/efi/toolchain/x86_64-w64-mingw32/bin/ar'
AWK='gawk'
CC=' /mnt/d/Projects/nx/toolchain-setup/build-efi-gcc/./gcc/xgcc -B/mnt/d/Projects/nx/toolchain-setup/build-efi-gcc/./gcc/ -L/mnt/d/Projects/nx/build/efi/toolchain/x86_64-w64-mingw32/lib -L/mnt/d/Projects/nx/build/efi/toolchain/mingw/lib -isystem /mnt/d/Projects/nx/build/efi/toolchain/x86_64-w64-mingw32/include -isystem /mnt/d/Projects/nx/build/efi/toolchain/mingw/include -B/mnt/d/Projects/nx/build/efi/toolchain/x86_64-w64-mingw32/bin/ -B/mnt/d/Projects/nx/build/efi/toolchain/x86_64-w64-mingw32/lib/ -isystem /mnt/d/Projects/nx/build/efi/toolchain/x86_64-w64-mingw32/include -isystem /mnt/d/Projects/nx/build/efi/toolchain/x86_64-w64-mingw32/sys-include   '
CET_FLAGS=''
CFLAGS='-g -O2'
CPP=' /mnt/d/Projects/nx/toolchain-setup/build-efi-gcc/./gcc/xgcc -B/mnt/d/Projects/nx/toolchain-setup/build-efi-gcc/./gcc/ -L/mnt/d/Projects/nx/build/efi/toolchain/x86_64-w64-mingw32/lib -L/mnt/d/Projects/nx/build/efi/toolchain/mingw/lib -isystem /mnt/d/Projects/nx/build/efi/toolchain/x86_64-w64-mingw32/include -isystem /mnt/d/Projects/nx/build/efi/toolchain/mingw/include -B/mnt/d/Projects/nx/build/efi/toolchain/x86_64-w64-mingw32/bin/ -B/mnt/d/Projects/nx/build/efi/toolchain/x86_64-w64-mingw32/lib/ -isystem /mnt/d/Projects/nx/build/efi/toolchain/x86_64-w64-mingw32/include -isystem /mnt/d/Projects/nx/build/efi/toolchain/x86_64-w64-mingw32/sys-include    -E'
CPPFLAGS=''
DEFS=''
ECHO_C=''
ECHO_N='-n'
ECHO_T=''
EGREP=''
EXEEXT=''
GREP=''
INSTALL_DATA='${INSTALL} -m 644'
INSTALL_PROGRAM='${INSTALL}'
INSTALL_SCRIPT='${INSTALL}'
LDFLAGS=''
LIBOBJS=''
LIBS=''
LIPO='x86_64-w64-mingw32-lipo'
LN_S='ln -s'
LTLIBOBJS=''
MAINT='#'
NM='/mnt/d/Projects/nx/toolchain-setup/build-efi-gcc/./gcc/nm'
OBJEXT='o'
PACKAGE_BUGREPORT=''
PACKAGE_NAME='GNU C Runtime Library'
PACKAGE_STRING='GNU C Runtime Library 1.0'
PACKAGE_TARNAME='libgcc'
PACKAGE_URL='http://www.gnu.org/software/libgcc/'
PACKAGE_VERSION='1.0'
PATH_SEPARATOR=':'
PICFLAG=''
RANLIB='/mnt/d/Projects/nx/build/efi/toolchain/x86_64-w64-mingw32/bin/ranlib'
SHELL='/bin/sh'
STRIP='/mnt/d/Projects/nx/build/efi/toolchain/x86_64-w64-mingw32/bin/strip'
ac_ct_CC=''
accel_dir_suffix=''
asm_hidden_op=''
bindir='${exec_prefix}/bin'
build='x86_64-pc-linux-gnu'
build_alias='x86_64-pc-linux-gnu'
build_cpu='x86_64'
build_libsubdir='build-x86_64-pc-linux-gnu'
build_os='linux-gnu'
build_subdir='build-x86_64-pc-linux-gnu'
build_vendor='pc'
cpu_type=''
datadir='${datarootdir}'
datarootdir='${prefix}/share'
decimal_float=''
docdir='${datarootdir}/doc/${PACKAGE_TARNAME}'
double_type_size=''
dvidir='${docdir}'
enable_decimal_float=''
enable_execute_stack=''
enable_shared='yes'
enable_vtable_verify='no'
exec_prefix='NONE'
extra_parts=''
fixed_point=''
force_explicit_eh_registry=''
get_gcc_base_ver=''
host='x86_64-w64-mingw32'
host_alias='x86_64-w64-mingw32'
host_cpu='x86_64'
host_noncanonical='x86_64-w64-mingw32'
host_os='mingw32'
host_subdir='.'
host_vendor='w64'
htmldir='${docdir}'
includedir='${prefix}/include'
infodir='${datarootdir}/info'
libdir='${exec_prefix}/lib'
libexecdir='${exec_prefix}/libexec'
libgcc_topdir='../../../gcc-8.2.0/libgcc/..'
localedir='${datarootdir}/locale'
localstatedir='${prefix}/var'
long_double_type_size=''
mandir='${datarootdir}/man'
md_unwind_header=''
oldincludedir='/usr/include'
pdfdir='${docdir}'
prefix='/mnt/d/Projects/nx/build/efi/toolchain'
program_transform_name='s&^&x86_64-w64-mingw32-&'
psdir='${docdir}'
real_host_noncanonical=''
sbindir='${exec_prefix}/sbin'
set_have_cc_tls=''
set_use_emutls=''
sfp_machine_header=''
sharedstatedir='${prefix}/com'
slibdir='$(exec_prefix)/$(host_noncanonical)/lib'
sysconfdir='${prefix}/etc'
target_alias='x86_64-w64-mingw32'
target_noncanonical='x86_64-w64-mingw32'
target_subdir='x86_64-w64-mingw32'
thread_header=''
tm_defines=''
tm_file=''
tmake_file=''
toolexecdir='$(exec_prefix)/$(target_noncanonical)'
toolexeclibdir='$(toolexecdir)/lib'
unwind_header=''
vis_hide=''
with_aix_soname='aix'

## ----------- ##
## confdefs.h. ##
## ----------- ##

/* confdefs.h */
#define PACKAGE_NAME "GNU C Runtime Library"
#define PACKAGE_TARNAME "libgcc"
#define PACKAGE_VERSION "1.0"
#define PACKAGE_STRING "GNU C Runtime Library 1.0"
#define PACKAGE_BUGREPORT ""
#define PACKAGE_URL "http://www.gnu.org/software/libgcc/"

configure: exit 1
